<?xml version="1.0" encoding="UTF-8"?>
<testng-results skipped="0" failed="0" ignored="0" total="2" passed="2">
  <reporter-output>
  </reporter-output>
  <suite name="Example Test Suite" duration-ms="20760" started-at="2017-11-08T16:53:32Z" finished-at="2017-11-08T16:53:53Z">
    <groups>
    </groups>
    <test name="Example tests" duration-ms="20760" started-at="2017-11-08T16:53:32Z" finished-at="2017-11-08T16:53:53Z">
      <class name="main.ExampleTest">
        <test-method status="PASS" signature="beforeTestsetUp()[pri:0, instance:main.ExampleTest@1c53fd30]" name="beforeTestsetUp" is-config="true" duration-ms="2793" started-at="2017-11-08T11:53:32Z" finished-at="2017-11-08T11:53:35Z">
          <reporter-output>
          </reporter-output>
        </test-method> <!-- beforeTestsetUp -->
        <test-method status="PASS" signature="loginTest()[pri:1, instance:main.ExampleTest@1c53fd30]" name="loginTest" duration-ms="5510" started-at="2017-11-08T11:53:35Z" description="Verify Login" finished-at="2017-11-08T11:53:40Z">
          <reporter-output>
          </reporter-output>
        </test-method> <!-- loginTest -->
        <test-method status="PASS" signature="createAccounts()[pri:2, instance:main.ExampleTest@1c53fd30]" name="createAccounts" duration-ms="10283" started-at="2017-11-08T11:53:40Z" description="Create Accounts in Salesforce" finished-at="2017-11-08T11:53:51Z">
          <reporter-output>
          </reporter-output>
        </test-method> <!-- createAccounts -->
        <test-method status="PASS" signature="closeDriver()[pri:0, instance:main.ExampleTest@1c53fd30]" name="closeDriver" is-config="true" duration-ms="2153" started-at="2017-11-08T11:53:51Z" finished-at="2017-11-08T11:53:53Z">
          <reporter-output>
          </reporter-output>
        </test-method> <!-- closeDriver -->
      </class> <!-- main.ExampleTest -->
    </test> <!-- Example tests -->
  </suite> <!-- Example Test Suite -->
</testng-results>
